0 info it worked if it ends with ok
1 verbose cli [ '/usr/local/Cellar/node/0.10.24/bin/node',
1 verbose cli   '/usr/local/bin/npm',
1 verbose cli   'publish' ]
2 info using npm@1.3.21
3 info using node@v0.10.24
4 verbose publish [ '.' ]
5 verbose cache add [ '.', null ]
6 verbose cache add name=undefined spec="." args=[".",null]
7 verbose parsed url { protocol: null,
7 verbose parsed url   slashes: null,
7 verbose parsed url   auth: null,
7 verbose parsed url   host: null,
7 verbose parsed url   port: null,
7 verbose parsed url   hostname: null,
7 verbose parsed url   hash: null,
7 verbose parsed url   search: null,
7 verbose parsed url   query: null,
7 verbose parsed url   pathname: '.',
7 verbose parsed url   path: '.',
7 verbose parsed url   href: '.' }
8 silly lockFile 3a52ce78- .
9 verbose lock . /Users/bryant/.npm/3a52ce78-.lock
10 verbose tar pack [ '/var/folders/tr/6zpkstq12zs_d_hfrhpd77dh0000gn/T/npm-19053-5iFSCKA9/1398489694057-0.574259091168642/tmp.tgz',
10 verbose tar pack   '.' ]
11 verbose tarball /var/folders/tr/6zpkstq12zs_d_hfrhpd77dh0000gn/T/npm-19053-5iFSCKA9/1398489694057-0.574259091168642/tmp.tgz
12 verbose folder .
13 info prepublish lessthan3@0.6.7
14 silly lockFile 1f1177db-tar tar://.
15 verbose lock tar://. /Users/bryant/.npm/1f1177db-tar.lock
16 silly lockFile e498e5a1-694057-0-574259091168642-tmp-tgz tar:///var/folders/tr/6zpkstq12zs_d_hfrhpd77dh0000gn/T/npm-19053-5iFSCKA9/1398489694057-0.574259091168642/tmp.tgz
17 verbose lock tar:///var/folders/tr/6zpkstq12zs_d_hfrhpd77dh0000gn/T/npm-19053-5iFSCKA9/1398489694057-0.574259091168642/tmp.tgz /Users/bryant/.npm/e498e5a1-694057-0-574259091168642-tmp-tgz.lock
18 silly lockFile 1f1177db-tar tar://.
19 silly lockFile 1f1177db-tar tar://.
20 silly lockFile e498e5a1-694057-0-574259091168642-tmp-tgz tar:///var/folders/tr/6zpkstq12zs_d_hfrhpd77dh0000gn/T/npm-19053-5iFSCKA9/1398489694057-0.574259091168642/tmp.tgz
21 silly lockFile e498e5a1-694057-0-574259091168642-tmp-tgz tar:///var/folders/tr/6zpkstq12zs_d_hfrhpd77dh0000gn/T/npm-19053-5iFSCKA9/1398489694057-0.574259091168642/tmp.tgz
22 verbose tar unpack /var/folders/tr/6zpkstq12zs_d_hfrhpd77dh0000gn/T/npm-19053-5iFSCKA9/1398489694057-0.574259091168642/tmp.tgz
23 silly lockFile f6bc0f80-694057-0-574259091168642-package tar:///var/folders/tr/6zpkstq12zs_d_hfrhpd77dh0000gn/T/npm-19053-5iFSCKA9/1398489694057-0.574259091168642/package
24 verbose lock tar:///var/folders/tr/6zpkstq12zs_d_hfrhpd77dh0000gn/T/npm-19053-5iFSCKA9/1398489694057-0.574259091168642/package /Users/bryant/.npm/f6bc0f80-694057-0-574259091168642-package.lock
25 silly lockFile e498e5a1-694057-0-574259091168642-tmp-tgz tar:///var/folders/tr/6zpkstq12zs_d_hfrhpd77dh0000gn/T/npm-19053-5iFSCKA9/1398489694057-0.574259091168642/tmp.tgz
26 verbose lock tar:///var/folders/tr/6zpkstq12zs_d_hfrhpd77dh0000gn/T/npm-19053-5iFSCKA9/1398489694057-0.574259091168642/tmp.tgz /Users/bryant/.npm/e498e5a1-694057-0-574259091168642-tmp-tgz.lock
27 silly gunzTarPerm modes [ '755', '644' ]
28 silly gunzTarPerm extractEntry package.json
29 silly gunzTarPerm extractEntry .npmignore
30 silly gunzTarPerm extractEntry README.md
31 silly gunzTarPerm extractEntry CHANGELOG.md
32 silly gunzTarPerm extractEntry bin/lpm.js
33 silly gunzTarPerm extractEntry bin/lt3.js
34 silly gunzTarPerm extractEntry examples/dev-server/package.json
35 silly gunzTarPerm extractEntry examples/dev-server/pkg/big-youtube/1.0.1/config.cson
36 silly gunzTarPerm extractEntry examples/dev-server/pkg/big-youtube/1.0.1/main.coffee
37 silly gunzTarPerm extractEntry examples/dev-server/pkg/bryant-cool-app/0.1.1/api.coffee
38 silly gunzTarPerm extractEntry examples/dev-server/pkg/bryant-cool-app/0.1.1/app.coffee
39 silly gunzTarPerm extractEntry examples/dev-server/pkg/bryant-cool-app/0.1.1/package.cson
40 silly gunzTarPerm extractEntry examples/dev-server/pkg/bryant-cool-app/0.1.1/pages/index.coffee
41 silly gunzTarPerm extractEntry examples/dev-server/pkg/bryant-cool-app/0.1.1/pages/monkey.coffee
42 silly gunzTarPerm extractEntry examples/dev-server/pkg/bryant-cool-app/0.1.1/public/test.txt
43 silly gunzTarPerm extractEntry examples/dev-server/pkg/bryant-cool-app/0.1.1/style.styl
44 silly gunzTarPerm extractEntry examples/dev-server/pkg/jquery/1.8.3/main.js
45 silly gunzTarPerm extractEntry examples/dev-server/pkg/jquery/1.8.3/config.cson
46 silly gunzTarPerm extractEntry examples/dev-server/pkg/jquery-timeago/1.1.0/jquery.timeago.js
47 silly gunzTarPerm extractEntry examples/dev-server/pkg/jquery-timeago/1.1.0/config.cson
48 silly gunzTarPerm extractEntry examples/dev-server/pkg/lt3-basic-header/0.1.1/config.cson
49 silly gunzTarPerm extractEntry examples/dev-server/pkg/lt3-basic-header/0.1.1/main.coffee
50 silly gunzTarPerm extractEntry examples/dev-server/pkg/lt3-basic-header/0.1.1/style.styl
51 silly gunzTarPerm extractEntry examples/dev-server/pkg/lt3-beatport-app/0.1.6/api.coffee
52 silly gunzTarPerm extractEntry examples/dev-server/pkg/lt3-beatport-app/0.1.6/config.cson
53 silly gunzTarPerm extractEntry examples/dev-server/pkg/lt3-beatport-app/0.1.6/main.coffee
54 silly gunzTarPerm extractEntry examples/dev-server/pkg/lt3-beatport-app/0.1.6/pages/tracks.coffee
55 silly gunzTarPerm extractEntry examples/dev-server/pkg/lt3-beatport-app/0.1.6/style.styl
56 silly gunzTarPerm extractEntry examples/dev-server/pkg/lt3-image-app/0.1.2/config.cson
57 silly gunzTarPerm extractEntry examples/dev-server/pkg/lt3-image-app/0.1.2/main.coffee
58 silly gunzTarPerm extractEntry examples/dev-server/pkg/lt3-image-app/0.1.2/pages/index.coffee
59 silly gunzTarPerm extractEntry examples/dev-server/pkg/lt3-image-app/0.1.2/style.styl
60 silly gunzTarPerm extractEntry examples/dev-server/pkg/lt3-survey-monkey/0.1.0/config.cson
61 silly gunzTarPerm extractEntry examples/dev-server/pkg/lt3-survey-monkey/0.1.0/main.coffee
62 silly gunzTarPerm extractEntry examples/dev-server/pkg/lt3-survey-monkey/0.1.0/pages/survey.coffee
63 silly gunzTarPerm extractEntry examples/dev-server/pkg/lt3-survey-monkey/0.1.0/style.styl
64 silly gunzTarPerm extractEntry examples/dev-server/pkg/soundmanager/2.97a/soundmanager2-jsmin.js
65 silly gunzTarPerm extractEntry examples/dev-server/pkg/soundmanager/2.97a/soundmanager2-nodebug-jsmin.js
66 silly gunzTarPerm extractEntry examples/dev-server/pkg/soundmanager/2.97a/soundmanager2-nodebug.js
67 silly gunzTarPerm extractEntry examples/dev-server/pkg/soundmanager/2.97a/soundmanager2.js
68 silly gunzTarPerm extractEntry examples/dev-server/pkg/soundmanager/2.97a/config.cson
69 silly gunzTarPerm extractEntry examples/dev-server/pkg/soundmanager/2.97a/public/soundmanager2.swf
70 silly gunzTarPerm extractEntry examples/dev-server/pkg/soundmanager/2.97a/public/soundmanager2_debug.swf
71 silly gunzTarPerm extractEntry examples/dev-server/pkg/soundmanager/2.97a/public/soundmanager2_flash9.swf
72 silly gunzTarPerm extractEntry examples/dev-server/pkg/soundmanager/2.97a/public/soundmanager2_flash9_debug.swf
73 silly gunzTarPerm extractEntry examples/dev-server/server.coffee
74 silly gunzTarPerm extractEntry lib/bin_utils.coffee
75 silly gunzTarPerm extractEntry lib/lpm.coffee
76 silly gunzTarPerm extractEntry lib/lt3.coffee
77 silly gunzTarPerm extractEntry lib/server.coffee
78 silly lockFile f6bc0f80-694057-0-574259091168642-package tar:///var/folders/tr/6zpkstq12zs_d_hfrhpd77dh0000gn/T/npm-19053-5iFSCKA9/1398489694057-0.574259091168642/package
79 silly lockFile f6bc0f80-694057-0-574259091168642-package tar:///var/folders/tr/6zpkstq12zs_d_hfrhpd77dh0000gn/T/npm-19053-5iFSCKA9/1398489694057-0.574259091168642/package
80 silly lockFile e498e5a1-694057-0-574259091168642-tmp-tgz tar:///var/folders/tr/6zpkstq12zs_d_hfrhpd77dh0000gn/T/npm-19053-5iFSCKA9/1398489694057-0.574259091168642/tmp.tgz
81 silly lockFile e498e5a1-694057-0-574259091168642-tmp-tgz tar:///var/folders/tr/6zpkstq12zs_d_hfrhpd77dh0000gn/T/npm-19053-5iFSCKA9/1398489694057-0.574259091168642/tmp.tgz
82 verbose tar pack [ '/Users/bryant/.npm/lessthan3/0.6.7/package.tgz',
82 verbose tar pack   '/var/folders/tr/6zpkstq12zs_d_hfrhpd77dh0000gn/T/npm-19053-5iFSCKA9/1398489694057-0.574259091168642/package' ]
83 verbose tarball /Users/bryant/.npm/lessthan3/0.6.7/package.tgz
84 verbose folder /var/folders/tr/6zpkstq12zs_d_hfrhpd77dh0000gn/T/npm-19053-5iFSCKA9/1398489694057-0.574259091168642/package
85 silly lockFile f6bc0f80-694057-0-574259091168642-package tar:///var/folders/tr/6zpkstq12zs_d_hfrhpd77dh0000gn/T/npm-19053-5iFSCKA9/1398489694057-0.574259091168642/package
86 verbose lock tar:///var/folders/tr/6zpkstq12zs_d_hfrhpd77dh0000gn/T/npm-19053-5iFSCKA9/1398489694057-0.574259091168642/package /Users/bryant/.npm/f6bc0f80-694057-0-574259091168642-package.lock
87 silly lockFile a25ded6b--npm-lessthan3-0-6-7-package-tgz tar:///Users/bryant/.npm/lessthan3/0.6.7/package.tgz
88 verbose lock tar:///Users/bryant/.npm/lessthan3/0.6.7/package.tgz /Users/bryant/.npm/a25ded6b--npm-lessthan3-0-6-7-package-tgz.lock
89 silly lockFile f6bc0f80-694057-0-574259091168642-package tar:///var/folders/tr/6zpkstq12zs_d_hfrhpd77dh0000gn/T/npm-19053-5iFSCKA9/1398489694057-0.574259091168642/package
90 silly lockFile f6bc0f80-694057-0-574259091168642-package tar:///var/folders/tr/6zpkstq12zs_d_hfrhpd77dh0000gn/T/npm-19053-5iFSCKA9/1398489694057-0.574259091168642/package
91 silly lockFile a25ded6b--npm-lessthan3-0-6-7-package-tgz tar:///Users/bryant/.npm/lessthan3/0.6.7/package.tgz
92 silly lockFile a25ded6b--npm-lessthan3-0-6-7-package-tgz tar:///Users/bryant/.npm/lessthan3/0.6.7/package.tgz
93 silly lockFile 8744fd25-yant-npm-lessthan3-0-6-7-package /Users/bryant/.npm/lessthan3/0.6.7/package
94 verbose lock /Users/bryant/.npm/lessthan3/0.6.7/package /Users/bryant/.npm/8744fd25-yant-npm-lessthan3-0-6-7-package.lock
95 silly lockFile 8744fd25-yant-npm-lessthan3-0-6-7-package /Users/bryant/.npm/lessthan3/0.6.7/package
96 silly lockFile 8744fd25-yant-npm-lessthan3-0-6-7-package /Users/bryant/.npm/lessthan3/0.6.7/package
97 verbose tar unpack /Users/bryant/.npm/lessthan3/0.6.7/package.tgz
98 silly lockFile d850bb92-yant-npm-lessthan3-0-6-7-package tar:///Users/bryant/.npm/lessthan3/0.6.7/package
99 verbose lock tar:///Users/bryant/.npm/lessthan3/0.6.7/package /Users/bryant/.npm/d850bb92-yant-npm-lessthan3-0-6-7-package.lock
100 silly lockFile a25ded6b--npm-lessthan3-0-6-7-package-tgz tar:///Users/bryant/.npm/lessthan3/0.6.7/package.tgz
101 verbose lock tar:///Users/bryant/.npm/lessthan3/0.6.7/package.tgz /Users/bryant/.npm/a25ded6b--npm-lessthan3-0-6-7-package-tgz.lock
102 silly gunzTarPerm modes [ '755', '644' ]
103 silly gunzTarPerm extractEntry package.json
104 silly gunzTarPerm extractEntry .npmignore
105 silly gunzTarPerm extractEntry README.md
106 silly gunzTarPerm extractEntry CHANGELOG.md
107 silly gunzTarPerm extractEntry bin/lpm.js
108 silly gunzTarPerm extractEntry bin/lt3.js
109 silly gunzTarPerm extractEntry examples/dev-server/package.json
110 silly gunzTarPerm extractEntry examples/dev-server/pkg/big-youtube/1.0.1/config.cson
111 silly gunzTarPerm extractEntry examples/dev-server/pkg/big-youtube/1.0.1/main.coffee
112 silly gunzTarPerm extractEntry examples/dev-server/pkg/bryant-cool-app/0.1.1/api.coffee
113 silly gunzTarPerm extractEntry examples/dev-server/pkg/bryant-cool-app/0.1.1/app.coffee
114 silly gunzTarPerm extractEntry examples/dev-server/pkg/bryant-cool-app/0.1.1/package.cson
115 silly gunzTarPerm extractEntry examples/dev-server/pkg/bryant-cool-app/0.1.1/pages/index.coffee
116 silly gunzTarPerm extractEntry examples/dev-server/pkg/bryant-cool-app/0.1.1/pages/monkey.coffee
117 silly gunzTarPerm extractEntry examples/dev-server/pkg/bryant-cool-app/0.1.1/public/test.txt
118 silly gunzTarPerm extractEntry examples/dev-server/pkg/bryant-cool-app/0.1.1/style.styl
119 silly gunzTarPerm extractEntry examples/dev-server/pkg/jquery/1.8.3/main.js
120 silly gunzTarPerm extractEntry examples/dev-server/pkg/jquery/1.8.3/config.cson
121 silly gunzTarPerm extractEntry examples/dev-server/pkg/jquery-timeago/1.1.0/jquery.timeago.js
122 silly gunzTarPerm extractEntry examples/dev-server/pkg/jquery-timeago/1.1.0/config.cson
123 silly gunzTarPerm extractEntry examples/dev-server/pkg/lt3-basic-header/0.1.1/config.cson
124 silly gunzTarPerm extractEntry examples/dev-server/pkg/lt3-basic-header/0.1.1/main.coffee
125 silly gunzTarPerm extractEntry examples/dev-server/pkg/lt3-basic-header/0.1.1/style.styl
126 silly gunzTarPerm extractEntry examples/dev-server/pkg/lt3-beatport-app/0.1.6/api.coffee
127 silly gunzTarPerm extractEntry examples/dev-server/pkg/lt3-beatport-app/0.1.6/config.cson
128 silly gunzTarPerm extractEntry examples/dev-server/pkg/lt3-beatport-app/0.1.6/main.coffee
129 silly gunzTarPerm extractEntry examples/dev-server/pkg/lt3-beatport-app/0.1.6/pages/tracks.coffee
130 silly gunzTarPerm extractEntry examples/dev-server/pkg/lt3-beatport-app/0.1.6/style.styl
131 silly gunzTarPerm extractEntry examples/dev-server/pkg/lt3-image-app/0.1.2/config.cson
132 silly gunzTarPerm extractEntry examples/dev-server/pkg/lt3-image-app/0.1.2/main.coffee
133 silly gunzTarPerm extractEntry examples/dev-server/pkg/lt3-image-app/0.1.2/pages/index.coffee
134 silly gunzTarPerm extractEntry examples/dev-server/pkg/lt3-image-app/0.1.2/style.styl
135 silly gunzTarPerm extractEntry examples/dev-server/pkg/lt3-survey-monkey/0.1.0/config.cson
136 silly gunzTarPerm extractEntry examples/dev-server/pkg/lt3-survey-monkey/0.1.0/main.coffee
137 silly gunzTarPerm extractEntry examples/dev-server/pkg/lt3-survey-monkey/0.1.0/pages/survey.coffee
138 silly gunzTarPerm extractEntry examples/dev-server/pkg/lt3-survey-monkey/0.1.0/style.styl
139 silly gunzTarPerm extractEntry examples/dev-server/pkg/soundmanager/2.97a/soundmanager2-jsmin.js
140 silly gunzTarPerm extractEntry examples/dev-server/pkg/soundmanager/2.97a/soundmanager2-nodebug-jsmin.js
141 silly gunzTarPerm extractEntry examples/dev-server/pkg/soundmanager/2.97a/soundmanager2-nodebug.js
142 silly gunzTarPerm extractEntry examples/dev-server/pkg/soundmanager/2.97a/soundmanager2.js
143 silly gunzTarPerm extractEntry examples/dev-server/pkg/soundmanager/2.97a/config.cson
144 silly gunzTarPerm extractEntry examples/dev-server/pkg/soundmanager/2.97a/public/soundmanager2.swf
145 silly gunzTarPerm extractEntry examples/dev-server/pkg/soundmanager/2.97a/public/soundmanager2_debug.swf
146 silly gunzTarPerm extractEntry examples/dev-server/pkg/soundmanager/2.97a/public/soundmanager2_flash9.swf
147 silly gunzTarPerm extractEntry examples/dev-server/pkg/soundmanager/2.97a/public/soundmanager2_flash9_debug.swf
148 silly gunzTarPerm extractEntry examples/dev-server/server.coffee
149 silly gunzTarPerm extractEntry lib/bin_utils.coffee
150 silly gunzTarPerm extractEntry lib/lpm.coffee
151 silly gunzTarPerm extractEntry lib/lt3.coffee
152 silly gunzTarPerm extractEntry lib/server.coffee
153 silly lockFile d850bb92-yant-npm-lessthan3-0-6-7-package tar:///Users/bryant/.npm/lessthan3/0.6.7/package
154 silly lockFile d850bb92-yant-npm-lessthan3-0-6-7-package tar:///Users/bryant/.npm/lessthan3/0.6.7/package
155 silly lockFile a25ded6b--npm-lessthan3-0-6-7-package-tgz tar:///Users/bryant/.npm/lessthan3/0.6.7/package.tgz
156 silly lockFile a25ded6b--npm-lessthan3-0-6-7-package-tgz tar:///Users/bryant/.npm/lessthan3/0.6.7/package.tgz
157 verbose chmod /Users/bryant/.npm/lessthan3/0.6.7/package.tgz 644
158 verbose chown /Users/bryant/.npm/lessthan3/0.6.7/package.tgz [ 501, 20 ]
159 silly lockFile 3a52ce78- .
160 silly lockFile 3a52ce78- .
161 silly publish { author: { name: 'Bryant Williams', email: 'b.n.williams@gmail.com' },
161 silly publish   bin: { lpm: './bin/lpm.js', lt3: './bin/lt3.js' },
161 silly publish   bugs:
161 silly publish    { url: 'https://github.com/lessthan3/lessthan3/issues',
161 silly publish      email: 'bryant@lessthan3.com' },
161 silly publish   config: { port: 3002 },
161 silly publish   contributors: [ { name: 'Bryant Williams', email: 'b.n.williams@gmail.com' } ],
161 silly publish   dependencies:
161 silly publish    { 'asset-wrap': '0.7.x',
161 silly publish      async: '0.2.x',
161 silly publish      chokidar: '0.7.1',
161 silly publish      'coffee-script': '1.4.x',
161 silly publish      connect: '2.4.x',
161 silly publish      cson: '1.4.x',
161 silly publish      express: '3.4.x',
161 silly publish      findit: '1.1.x',
161 silly publish      firebase: '1.0.x',
161 silly publish      'jwt-simple': '0.1.x',
161 silly publish      'lru-cache': '2.5.x',
161 silly publish      mongofb: '0.6.x',
161 silly publish      'node.extend': '1.0.x',
161 silly publish      open: '0.0.x',
161 silly publish      optimist: '0.6.x' },
161 silly publish   description: 'LessThan3 Developer Tools',
161 silly publish   directories: { lib: './lib', bin: './bin' },
161 silly publish   homepage: 'http://dev.lessthan3.com',
161 silly publish   keywords: [ 'lessthan3' ],
161 silly publish   main: './lib/server',
161 silly publish   name: 'lessthan3',
161 silly publish   preferGlobal: true,
161 silly publish   repository: { type: 'git', url: 'git://github.com/lessthan3/lessthan3.git' },
161 silly publish   version: '0.6.7',
161 silly publish   readme: '# LessThan3 Development Kit\n\n## Documentation\n\nhttp://dev.lessthan3.com\n\n## Table of Contents\n - [Usage](#usage)\n - [General Information](#general-information)\n  - [General Overview](#general-overview)\n  - [Beta](#beta)\n  - [Tools](#tools)\n  - [Getting Started](#getting-started)\n  - [LessThan3 Website Layout](#lessthan3-website-layout)\n  - [Resources](#resources)\n - [Packages](#packages)\n  - [Types](#types)\n  - [Configuration](#configuration)\n  - [Versioning](#versioning)\n  - [Routes](#routes)\n  - [API](#api)\n  - [Examples](#examples)\n - [Development Server](#development-server)\n  - [Overview](#overview)\n  - [How It Works](#how-it-works)\n  - [Example](#example)\n - [LessThan3 Package Manager](#lessthan3-package-manager)\n  - [Initialize Your Development Environment](#initialize-your-development-environment)\n  - [Manage your development server](#manage-your-development-server)\n  - [Manage your packages](#manage-your-packages)\n  - [Manage your production server](#manage-your-production-server)\n - [Deployment](#deployment)\n - [Other Topics](#other-topics)\n  - [Coding Style Guide](#coding-style-guide)\n\n## Usage\n\n#### lt3\n\n~~~ sh\n\nUsage: lt3 <command> [command-specific-options]\n\nwhere <command> [command-specific-options] is one of:\n  add:admin <site> <facebook_id>          add a new admin to a site\n  add:app <site> <app> <id>@<version>     add an app package to a site\n  add:page <site> <app> <page> <type>     add a new page to a site\'s app\n  create <site>                           create your own website\n  help                                    show usage\n  init                                    initialize a new lessthan3 workspace\n  login                                   authenticate your user\n  open [<site>] [<app>] [<page>]          open a site\n  run                                     run a development server\n  start                                   daemonize a development server\n  stop                                    stop a daemonized devevelopment server\n  version                                 check your lt3 version\n  whoami                                  check your local user\n~~~\n\n#### lpm\n\n~~~ sh\nUsage: lpm <command> [command-specific-options]\n\nwhere <command> [command-specific-options] is one of:\n  deploy                                deploy a package to production\n  get <id>[@<version>]                  download a package\n  help                                  show usage\n  info <id>[@<version>]                 get info about a package \n  init <id> <version>                   create a new package\n  login                                 authenticate your user\n  stage                                 deploy a package to staging\n  version                               check your lpm version\n  whoami                                check your local user\n~~~\n\n\n## General Information\n\n### General Overview\nThis kit is made for developers planning to build/maintain sites running on the\nLessThan3 Network. All of the sites have a common structure, but allow for \ncomplete customization.\n\nBenefits of the LessThan3 Platform.\n\n - Strong caching is built into the core of the infrastructure\n - Any dynamic site data, by default, can be updated real-time. Alternatively,\n   apps can define which data to listen for updates on\n - By defining a simple data model for your package, a simple, intuitive\n   administration interface is provided to your user\n - Develop in coffee-script and stylus\n - All of this allows you to build/test/deploy/reuse/sell apps extremely\n   efficiently to our growing network of clients\n\n### Beta\nLessThan3 Package Development/Deployment is currently in beta. Developers\nmust be registered before the development kit will work on a live site.\nContact bryant@lessthan3.com if you\'d like more information on getting started.\n\n### Tools\n\n - lessthan3 development server\n\n - TODO: lessthan3 production server\n\n - TODO: lessthan3 package manager (lpm)\n  - assists with create a package server\n  - assists with creating new packages\n  - assists with package submission to hosted environment\n  - assists with package deployment to personal lt3 package server\n\n\n### Getting Started\n\n - install node.js\n  - http://howtonode.org/how-to-install-nodejs\n - learn coffee-script\n  - packages can be written in javascript, but coffee-script is encouraged\n  - http://coffeescript.org/\n  - http://arcturo.github.io/library/coffeescript/index.html\n - learn stylus/nib\n  - http://learnboost.github.io/stylus/\n  - http://visionmedia.github.io/nib/\n  - CSS, SASS, and LESS will be supported in the future, but stylus/nib is encouraged\n - learn coffeecup (coffee-script html templates)\n  - https://github.com/gradus/coffeecup\n - get a good text editor\n  - vim\n    - stylus syntax highlighting\n    - coffee-script syntax highlighting\n  - Sublime Text 2 (http://www.sublimetext.com/2)\n    - Sidebar Enhancements (git clone https://github.com/titoBouzout/SideBarEnhancements.git)\n    - Stylus Syntax Highlighting (https://gist.github.com/csanz/1076584)\n    - Coffee-Script syntax highlighting (https://gist.github.com/liamdon/2467603)\n\n### LessThan3 Website Layout\n```\n  - html\n    - head\n    - body\n      - application\n        - header (header package rendered here)\n        - content\n          - apps\n            - app (current app rendered here)\n              - pages\n                - page (current page rendered here)\n        - footer (footer package rendered here)\n```\n\n### Resources\n\n - [node](http://nodejs.org/): javascript web server\n  - LessThan3 servers and your local development server run on node.js \n - [backbone](http://backbonejs.org/): javascript MVC\n  - Lessthan3 Apps, Pages, Headers, and Footers are all backbone Views \n - [bootstrap](http://getbootstrap.com/2.3.2/): front-end framework\n  - it is encouraged to build your theme on top of bootstrap so all apps can take advantage of its features\n - [coffee-script](http://coffeescript.org/): a little language that compiles to javascript\n  - [github](https://github.com/jashkenas/coffee-script)\n  - [little book on coffee-script](http://arcturo.github.io/library/coffeescript/)\n  - you can code in javascript, but coffee-script is strongly encouraged\n - [coffeecup](https://github.com/gradus/coffeecup): html templating with coffee-script\n  - Views in LessThan3 have coffeecup built-in. it is strongly encouraged to utilize them \n - [cson](https://github.com/bevry/cson): coffee-script object notation\n  - package config files use this syntax\n - [head.js](http://headjs.com/): client-side javascript loader\n - [modernizr](http://modernizr.com/): HTML5/CSS3 feature detection\n - [mongofb](https://github.com/scien/mongofb): MongoDB + Firebase = The LessThan3 Data-Store\n  - All data is accessed through mongofb. You can run custom queries to load extra data.\n - [nib](http://visionmedia.github.io/nib/): css3 extensions for stylus\n - [stylus](http://learnboost.github.io/stylus/): express, dynamic, robust CSS\n - [sublime text 2](http://www.sublimetext.com/2): a good text editor\n  - [stylus syntax highlighter](https://gist.github.com/liamdon/2467603)\n  - [coffee-script syntax highlighter](https://gist.github.com/liamdon/2467603)\n - [vim](http://www.vim.org/): a fantastic text editor\n  - [stylus syntax highlighting](https://github.com/wavded/vim-stylus)\n  - [coffee-script syntax highlighting](https://github.com/kchmck/vim-coffee-script)\n\n## Packages\n\n### Types\n\n - **app**: An app is a dynamic section of code in the app\n - **theme**: A theme allows for full customization over the style of a site as well as the header and footer elements\n - **library**: A library is any js/css you want\n\n### Configuration\n```\n{\n  author: \'Your Name\'\n  category: \'app\'\n  changelog:\n    \'major.minor.patch\': ‘initial commit\'\n  contact: ‘me@domain.com\'\n  description: \'description of this package\'\n  id: \'namespace-name\'\n  name: \'readable name’\n  pages:\n    type1: {DATA_MODEL_SCHEMA}\n    type2: {DATA_MODEL_SCHEMA}\n  settings: {DATA_MODEL_SCHEMA}\n  tags: [\n    ‘tag1’\n    ‘tag2’\n  ]\n  type: \'app\'\n  version: \'major.minor.patch\'\n}\n\nFull Verbose Schema Example\n  settings:\n    str: {type: ‘string’}\n    str_enum: {type: ‘string’, enum: [‘foo’, ‘bar’]}\n    str_long: {type: ‘string’, editor: ‘textarea’}\n    bool: {type: ‘boolean’}\n    int: {type: ‘integer’}\n    arr: {\n      type: ‘array’\n      legend: ‘foo’\n      items:\n        foo: {type: ‘string’}\n        bar: {type: ‘string’}\n    }\n    obj: {\n      type: ‘object’\n      properties:\n        foo: {type: ‘string’}\n        bar: {type: ‘string’}\n    }\n\n3 Rules to simplify your syntax\n 1. if typeof value is a string, then that string is the type of that property.\n 2. if typeof value is an object, then that object is assumed to be type == ‘object’\n 3. if typeof value is an array, then that object is assumed to be type == ‘array’\n\nLet’s now look at the above example in our simplified syntax\n  settings:\n    str: ‘string’\n    str_enum: {type: ‘string’, enum: [‘foo’, ‘bar’]}\n    str_long: {type: ‘string’, editor: ‘textarea’}\n    bool: ‘boolean’\n    int: ‘integer’\n    arr: [\n      foo: {type: ‘string’, legend: true}\n      bar: ‘string’\n    ]\n    obj: {\n      foo: {type: ‘string’}\n      bar: {type: ‘string’}\n    }\n```\n\n### Versioning\nLessThan3 packages should be versioned as "major.minor.patch". Dependencies right\nnow must define an exact version, but we\'ll moved towards the npm model in the\nfuture and it\'s good practice.\n\nHere\'s a brief explaination from Nodejitsu about why to version your node\nmodules (or in our case, lessthan3 packages) this way.\n\n - http://blog.nodejitsu.com/package-dependencies-done-right#best-practices\n\n```\nWhen specifying modules dependencies: use 1.0.x syntax\n\nUntil recently, I was guilty of not following this guideline: I continued to use\nthe >= 0.2.0 syntax illustrated above in the naive.package.json example. At \nfirst glance there doesn\'t seem to be anything wrong with that style. You\'re \nsaying "If there are changes in the future I want them."\n\nThe problem arises because authors are conveying meaning in their versions. Not\nevery version will be completely backwards compatible with the particular\nversion you were using when you wrote your application. This is conveyed in the\nversion string:\n\ne.g.: 0.3.18\nMajor Version (0)\nMinor Version (3)\nPatch Version (18)\n\nChanges to the major and minor parts of the version mean that changes have\nhappened, although there is no convention to convey they are breaking. Changes\nto patch versions are used to express that a fix has been made and it\nis (usually) safe to upgrade.\n\nConversely, when using the 0.2.x syntax you\'re saying: "If there are patch\nchanges in the future I want them, but no minor or major versions." Given the\ndescription of the meaning conveyed by each of the version components above\nthis means you won\'t be tearing your hair out over breaking changes in a\nmodule you depend on.\n```\n\n### Routes\n```\n# get package details\nhttp://localhost:3001/pkg/bryant-cool-app/0.1.1/package.json\n\n# get package javascript\nhttp://localhost:3001/pkg/bryant-cool-app/0.1.1/main.js\n\n# get package stylesheet\nhttp://localhost:3001/pkg/bryant-cool-app/0.1.1/style.css\n\n# get public/static file\nhttp://localhost:3001/pkg/bryant-cool-app/0.1.1/public/test.txt\n\n# make api call\nhttp://localhost:3001/pkg/bryant-cool-app/0.1.1/api/foo\n```\n\n### API\n```\nmodule.exports =\n  foo: ->\n    # this will cache /pkg/bryant-cool-app/0.1.1/api/foo\n    @cache {age: \'10 minutes\'}, (next) =>\n      next \'bar\'\n\n  hello: ->\n    @res.send \'world\'\n\n  ping: ->\n    # this will cache /pkg/bryant-cool-app/0.1.1/api/ping?hello=world\n    @cache {age: \'10 minutes\', qs: true}, (next) =>\n      next \'ack\'\n```\n\n#### Call Context\n```\n{\n  cache: (options, next) ->\n    # options.age can be \'10 minutes\' or 600\n    # options.qs can be true|false to include the query params in the cache key\n    # passing data to "next" will cache and return the data\n  query: req.query\n  req: req\n  res: res\n}\n```\n\n### Examples\n\n#### Links\n  \n  - libraries\n    - [jQuery](https://github.com/lessthan3/lessthan3/tree/master/examples/dev-server/pkg/jquery/1.8.3)\n    - [jQuery-timeago](https://github.com/lessthan3/lessthan3/tree/master/examples/dev-server/pkg/jquery-timeago/1.1.0)\n    - [soundmanager](https://github.com/lessthan3/lessthan3/tree/master/examples/dev-server/pkg/soundmanager/2.97a)\n    - [big-youtube](https://github.com/lessthan3/lessthan3/tree/master/examples/dev-server/pkg/big-youtube/1.0.1)\n  - apps\n    - [lt3-image-app](https://github.com/lessthan3/lessthan3/tree/master/examples/dev-server/pkg/lt3-image-app/0.1.2)\n    - [lt3-survey-monkey](https://github.com/lessthan3/lessthan3/tree/master/examples/dev-server/pkg/lt3-survey-monkey/0.1.0)\n    - [lt3-beatport-app](https://github.com/lessthan3/lessthan3/tree/master/examples/dev-server/pkg/lt3-beatport-app/0.1.6)\n  - themes\n    - Coming Soon!\n\n#### App\n\napp.coffee\n```\nclass exports.App extends lt3.App\n\n  load: (next) ->\n    next()\n\n  template: ->\n    div class: \'pages\'\n```\n\nconfig.cson\n```\n{\n  author: \'Bryant Williams\'\n  changelog:\n    \'0.1.1\': \'test app\'\n  contact: \'bryant@lessthan3.com\'\n  description: \'My First App\'\n  id: \'bryant-cool-app\'\n  pages:\n    index:\n      title: \'string\'\n    monkey:\n      kind: \'string\'\n      name: \'string\'\n      description: \'string\'\n      image: \'string\'\n  name: \'My First App\'\n  type: \'app\'\n  version: \'0.1.1\'\n}\n```\n\nstyle.styl\n```\n.exports\n  .some-div\n    padding 36px 50px\n```\n\npages/monkey.coffee\n```\nclass exports.Page extends lt3.Page\n\n  # events\n  #\n  # You can specify event handlers here\n  # \'event-type selector\': \'event-handler\'\n  events:\n    \'click .title\': \'onTitleClick\'\n\n  onTitleClick: (e) ->\n    el = $(e.currentTarget)\n    console.log el.text()\n\n  # to specify events outside of this page\n  # ex: window resize or scroll\n  delegateEvents: ->\n    super()\n    $(window).bind \'resize\', @onWindowResize\n\n  undelegateEvents: ->\n    super()\n    $(window).unbind \'resize\', @onWindowResize\n\n  # load\n  #\n  # load may be called prior to rendering if more data is needed.\n  # by default, you will be provided with the data as specified in\n  # config.cson, but sometimes you need to query an external api for\n  # extra data before rendering the page\n  #\n  # store any extra data in the @_ variable. This variable becomes the\n  # context the template function is applied to\n  load: (next) ->\n    @$el.html \'loading...\'\n    $.ajax {\n      url: \'http://domain.com/api/get/ice-cream\'\n      success: (data) =>\n        @_.extra = data\n        next()\n    }\n\n\n  # render\n  #\n  # the parent method (super) will render the current data\n  # into your template. by override render, we can run javascript\n  # after the template has been rendered\n  render: ->\n    super()\n    @$el.find(\'content\').css {\n      color: \'#000\'\n    }\n\n  # template\n  #\n  # here you can define the html template for this page\n  # Page data can be accessed through @\n  template: ->\n    h2 class: \'title\', ->\n      @title\n\n    div class: \'image\', ->\n      img src: @image\n\n    div class: \'content\', ->\n      @content\n```\n\n#### Theme\nconfig.cson\n```\n```\n\nstyle.styl\n```\n```\n\n\n## Development Server\n\n### Overview\nDevelopment on the LessThan3 Platform is ran on live sites. By running a local\nserver, your browser client can redirect loading code from your local server\ninstead of production.  This allows you to run your code in an isolated sandbox\nor on production data.\n\nUpdating data is pushed live automatically for headers, footers, and pages.\nApps can also choose to define their own real-time data update logic instead\nof the default though.\n\nWhen running the development server, you get the benefit on hot code-pushes as\nwell to speed up your efficiency while updating templates and stylesheets.\n\nBecause the LessThan3 package routes are just express middleware, you have the\nability to add any other custom functionality to your server that you want.\n\n### How It Works\nWhen you login to a site on the LessThan3 platform, it will check whether you\nare a developer or not.  If you are a developer, it checks if you have a local\ndevelopment server running.  If you do, it will connect your browser client to\nyour development server, load code locally instead of from production, and\nrefresh your applications as code is updated.\n\n### Example Server\n```\n# dependencies\nexpress = require \'express\'\nlessthan3 = require \'../../lib/server\' # require \'lessthan3\'\npkg = require \'./package\'\n\n# configuration\napp = express()\napp.use express.logger()\napp.use express.bodyParser()\napp.use express.methodOverride()\napp.use express.cookieParser()\napp.use lessthan3 {\n  pkg_dir: "#{__dirname}/pkg"\n}\napp.use app.router\napp.use express.errorHandler {dumpExceptions: true, showStack: true}\n\n# listen\napp.listen pkg.config.port\nconsole.log "listening: #{pkg.config.port}"\n```\n\n## LessThan3 Package Manager\n\n### Initialize Your Development Environment\n - lpm init\n\n### Manage your development server\n - lpm dev start\n - lpm dev stop\n\n### Manage your packages\n - lpm pkg create my-package 0.1.0\n - lpm pkg deploy remote my-package 0.1.0\n - lpm pkg submit my-package 0.1.0\n\n### Manage your production server\n - lpm prod init\n - lpm prod start\n - lpm prod stop\n\n - create a new devepackage server\n - create a new package\n - deploy a package\n\n## Deployment\nThere are a couple ways to get your packages out in the wild. Packages\ncan be hosted on the LessThan3 servers, can be hosted on your personal\nserver, or can be hosted on a CDN.\n\nPackages hosted on the LessThan3 servers must be submitted for approval\nbefore being accepted. Personally hosted packages can be deployed at anytime\nwithout review.\n\n### Deployment to LessThan3\nPackages hosted on LessThan3 can be submitted with\n```lpm pkg submit my-package 0.1.0```\n\nYou can check the status of your application with\n```lpm pkg status my-package 0.1.0```\n\nOr check the status of all of your submitted packages with\n```lpm pkg status```\n\nPackages submitted and approved, can be made available to anyone on the network.\n\n### Deployment to a Personal Server\nPackages can be deployed to your own node server.\n\nFirst, set up your production lt3 server.\n```lpm prod init```\n\nThen run it.\n```lpm prod start```\n\nMake sure it\'s running\n```lpm prod status```\n\nDefine your remote (where the server lives) in your server config.cson.\nYour deployment can be done with ssh, ftp\n```\n{\n  remote:\n    prod:\n      method: \'ssh\'\n      host: \'mydomain.com\'\n      port: \'22\'\n      path: \'/u/apps/my-lt3-package-server\'\n    prod2:\n      method: \'ftp\'\n      host: \'ftp.mydomain.com\'\n      port: \'21\'\n      path: \'/u/apps/my-lt3-package-server\'\n}\n```\n\nDeploy your package\n```lpm pkg deploy prod my-package 0.1.0```\n\n### Deployment to a CDN\nA CDN can only host files, so by deploying to a CDN, your app\nwill not be able to take advantage of custom API calls. This is fine\nfor 90% of packages because you still get real-time updates on data\nentered through the admin interface, and can query public APIs.\n\nDefine your remote\n```\n{\n  remote:\n    rackspace:\n      method: \'rackspace-cloudfiles\'\n      username: \'\'\n      key: \'\'\n    amazon:\n      method: \'amazon-s3\'\n      key: \'\'\n      secret: \'\'\n    custom:\n      build: true\n      method: \'ftp\'\n      host: \'ftp.mydomain.com\'\n      port: \'21\'\n      path: \'/u/apps/my-lt3-package-server\'\n}\n```\n\nNote that you can also host your (non-api) packages on a server without node\nand deploy with ftp by providing the build parameter.  Build will compile\nthe config, javascript, and stylesheet assets for your package and upload those\ndirectly, along with any public files. The "build" parameter is automatically\nincluded if the method is "amazon-s3" or "rackspace-cloudfiles".\n\n\n\n## Other Topics\n\n### Coding Style Guide\n\n - coffee-script (https://github.com/polarmobile/coffeescript-style-guide)\n - \n\n\n',
161 silly publish   readmeFilename: 'README.md',
161 silly publish   _id: 'lessthan3@0.6.7',
161 silly publish   dist: { shasum: '9b92e397de9abc3b13ba51625ba4feb6951d216a' },
161 silly publish   _from: '.' }
162 verbose url raw lessthan3
163 verbose url resolving [ 'https://registry.npmjs.org/', './lessthan3' ]
164 verbose url resolved https://registry.npmjs.org/lessthan3
165 info trying registry request attempt 1 at 22:21:34
166 http PUT https://registry.npmjs.org/lessthan3
167 http 403 https://registry.npmjs.org/lessthan3
168 info trying registry request attempt 1 at 22:21:35
169 http PUT https://registry.npmjs.org/lessthan3
170 http 403 https://registry.npmjs.org/lessthan3
171 error publish Failed PUT 403
172 error Error: forbidden cannot modify pre-existing version: 0.6.7
172 error old={"author":{"name":"Bryant Williams","email":"b.n.williams@gmail.com"},"bin":{"lpm":"./bin/lpm.js","lt3":"./bin/lt3.js"},"bugs":{"url":"https://github.com/lessthan3/lessthan3/issues","email":"bryant@lessthan3.com"},"config":{"port":3001},"contributors":[{"name":"Bryant Williams","email":"b.n.williams@gmail.com"}],"dependencies":{"asset-wrap":"0.7.x","async":"0.2.x","chokidar":"0.7.1","coffee-script":"1.4.x","connect":"2.4.x","cson":"1.4.x","express":"3.4.x","findit":"1.1.x","firebase":"1.0.x","jwt-simple":"0.1.x","lru-cache":"2.5.x","mongofb":"0.6.x","node.extend":"1.0.x","open":"0.0.x","optimist":"0.6.x"},"description":"LessThan3 Developer Tools","directories":{"lib":"./lib","bin":"./bin"},"homepage":"http://dev.lessthan3.com","keywords":["lessthan3"],"main":"./lib/server","name":"lessthan3","preferGlobal":true,"repository":{"type":"git","url":"git://github.com/lessthan3/lessthan3.git"},"version":"0.6.7","_id":"lessthan3@0.6.7","dist":{"shasum":"b89a62d34619169cada509796a4fa177dc4ea529","tarball":"http://registry.npmjs.org/lessthan3/-/lessthan3-0.6.7.tgz"},"_from":".","_npmVersion":"1.3.21","_npmUser":{"name":"scien","email":"b.n.williams@gmail.com"},"maintainers":[{"name":"scien","email":"b.n.williams@gmail.com"}]}
172 error new={"author":{"name":"Bryant Williams","email":"b.n.williams@gmail.com"},"bin":{"lpm":"./bin/lpm.js","lt3":"./bin/lt3.js"},"bugs":{"url":"https://github.com/lessthan3/lessthan3/issues","email":"bryant@lessthan3.com"},"config":{"port":3002},"contributors":[{"name":"Bryant Williams","email":"b.n.williams@gmail.com"}],"dependencies":{"asset-wrap":"0.7.x","async":"0.2.x","chokidar":"0.7.1","coffee-script":"1.4.x","connect":"2.4.x","cson":"1.4.x","express":"3.4.x","findit":"1.1.x","firebase":"1.0.x","jwt-simple":"0.1.x","lru-cache":"2.5.x","mongofb":"0.6.x","node.extend":"1.0.x","open":"0.0.x","optimist":"0.6.x"},"description":"LessThan3 Developer Tools","directories":{"lib":"./lib","bin":"./bin"},"homepage":"http://dev.lessthan3.com","keywords":["lessthan3"],"main":"./lib/server","name":"lessthan3","preferGlobal":true,"repository":{"type":"git","url":"git://github.com/lessthan3/lessthan3.git"},"version":"0.6.7","readme":"# LessThan3 Development Kit\u000a\u000a## Documentation\u000a\u000ahttp://dev.lessthan3.com\u000a\u000a## Table of Contents\u000a - [Usage](#usage)\u000a - [General Information](#general-information)\u000a  - [General Overview](#general-overview)\u000a  - [Beta](#beta)\u000a  - [Tools](#tools)\u000a  - [Getting Started](#getting-started)\u000a  - [LessThan3 Website Layout](#lessthan3-website-layout)\u000a  - [Resources](#resources)\u000a - [Packages](#packages)\u000a  - [Types](#types)\u000a  - [Configuration](#configuration)\u000a  - [Versioning](#versioning)\u000a  - [Routes](#routes)\u000a  - [API](#api)\u000a  - [Examples](#examples)\u000a - [Development Server](#development-server)\u000a  - [Overview](#overview)\u000a  - [How It Works](#how-it-works)\u000a  - [Example](#example)\u000a - [LessThan3 Package Manager](#lessthan3-package-manager)\u000a  - [Initialize Your Development Environment](#initialize-your-development-environment)\u000a  - [Manage your development server](#manage-your-development-server)\u000a  - [Manage your packages](#manage-your-packages)\u000a  - [Manage your production server](#manage-your-production-server)\u000a - [Deployment](#deployment)\u000a - [Other Topics](#other-topics)\u000a  - [Coding Style Guide](#coding-style-guide)\u000a\u000a## Usage\u000a\u000a#### lt3\u000a\u000a~~~ sh\u000a\u000aUsage: lt3 <command> [command-specific-options]\u000a\u000awhere <command> [command-specific-options] is one of:\u000a  add:admin <site> <facebook_id>          add a new admin to a site\u000a  add:app <site> <app> <id>@<version>     add an app package to a site\u000a  add:page <site> <app> <page> <type>     add a new page to a site's app\u000a  create <site>                           create your own website\u000a  help                                    show usage\u000a  init                                    initialize a new lessthan3 workspace\u000a  login                                   authenticate your user\u000a  open [<site>] [<app>] [<page>]          open a site\u000a  run                                     run a development server\u000a  start                                   daemonize a development server\u000a  stop                                    stop a daemonized devevelopment server\u000a  version                                 check your lt3 version\u000a  whoami                                  check your local user\u000a~~~\u000a\u000a#### lpm\u000a\u000a~~~ sh\u000aUsage: lpm <command> [command-specific-options]\u000a\u000awhere <command> [command-specific-options] is one of:\u000a  deploy                                deploy a package to production\u000a  get <id>[@<version>]                  download a package\u000a  help                                  show usage\u000a  info <id>[@<version>]                 get info about a package \u000a  init <id> <version>                   create a new package\u000a  login                                 authenticate your user\u000a  stage                                 deploy a package to staging\u000a  version                               check your lpm version\u000a  whoami                                check your local user\u000a~~~\u000a\u000a\u000a## General Information\u000a\u000a### General Overview\u000aThis kit is made for developers planning to build/maintain sites running on the\u000aLessThan3 Network. All of the sites have a common structure, but allow for \u000acomplete customization.\u000a\u000aBenefits of the LessThan3 Platform.\u000a\u000a - Strong caching is built into the core of the infrastructure\u000a - Any dynamic site data, by default, can be updated real-time. Alternatively,\u000a   apps can define which data to listen for updates on\u000a - By defining a simple data model for your package, a simple, intuitive\u000a   administration interface is provided to your user\u000a - Develop in coffee-script and stylus\u000a - All of this allows you to build/test/deploy/reuse/sell apps extremely\u000a   efficiently to our growing network of clients\u000a\u000a### Beta\u000aLessThan3 Package Development/Deployment is currently in beta. Developers\u000amust be registered before the development kit will work on a live site.\u000aContact bryant@lessthan3.com if you'd like more information on getting started.\u000a\u000a### Tools\u000a\u000a - lessthan3 development server\u000a\u000a - TODO: lessthan3 production server\u000a\u000a - TODO: lessthan3 package manager (lpm)\u000a  - assists with create a package server\u000a  - assists with creating new packages\u000a  - assists with package submission to hosted environment\u000a  - assists with package deployment to personal lt3 package server\u000a\u000a\u000a### Getting Started\u000a\u000a - install node.js\u000a  - http://howtonode.org/how-to-install-nodejs\u000a - learn coffee-script\u000a  - packages can be written in javascript, but coffee-script is encouraged\u000a  - http://coffeescript.org/\u000a  - http://arcturo.github.io/library/coffeescript/index.html\u000a - learn stylus/nib\u000a  - http://learnboost.github.io/stylus/\u000a  - http://visionmedia.github.io/nib/\u000a  - CSS, SASS, and LESS will be supported in the future, but stylus/nib is encouraged\u000a - learn coffeecup (coffee-script html templates)\u000a  - https://github.com/gradus/coffeecup\u000a - get a good text editor\u000a  - vim\u000a    - stylus syntax highlighting\u000a    - coffee-script syntax highlighting\u000a  - Sublime Text 2 (http://www.sublimetext.com/2)\u000a    - Sidebar Enhancements (git clone https://github.com/titoBouzout/SideBarEnhancements.git)\u000a    - Stylus Syntax Highlighting (https://gist.github.com/csanz/1076584)\u000a    - Coffee-Script syntax highlighting (https://gist.github.com/liamdon/2467603)\u000a\u000a### LessThan3 Website Layout\u000a```\u000a  - html\u000a    - head\u000a    - body\u000a      - application\u000a        - header (header package rendered here)\u000a        - content\u000a          - apps\u000a            - app (current app rendered here)\u000a              - pages\u000a                - page (current page rendered here)\u000a        - footer (footer package rendered here)\u000a```\u000a\u000a### Resources\u000a\u000a - [node](http://nodejs.org/): javascript web server\u000a  - LessThan3 servers and your local development server run on node.js \u000a - [backbone](http://backbonejs.org/): javascript MVC\u000a  - Lessthan3 Apps, Pages, Headers, and Footers are all backbone Views \u000a - [bootstrap](http://getbootstrap.com/2.3.2/): front-end framework\u000a  - it is encouraged to build your theme on top of bootstrap so all apps can take advantage of its features\u000a - [coffee-script](http://coffeescript.org/): a little language that compiles to javascript\u000a  - [github](https://github.com/jashkenas/coffee-script)\u000a  - [little book on coffee-script](http://arcturo.github.io/library/coffeescript/)\u000a  - you can code in javascript, but coffee-script is strongly encouraged\u000a - [coffeecup](https://github.com/gradus/coffeecup): html templating with coffee-script\u000a  - Views in LessThan3 have coffeecup built-in. it is strongly encouraged to utilize them \u000a - [cson](https://github.com/bevry/cson): coffee-script object notation\u000a  - package config files use this syntax\u000a - [head.js](http://headjs.com/): client-side javascript loader\u000a - [modernizr](http://modernizr.com/): HTML5/CSS3 feature detection\u000a - [mongofb](https://github.com/scien/mongofb): MongoDB + Firebase = The LessThan3 Data-Store\u000a  - All data is accessed through mongofb. You can run custom queries to load extra data.\u000a - [nib](http://visionmedia.github.io/nib/): css3 extensions for stylus\u000a - [stylus](http://learnboost.github.io/stylus/): express, dynamic, robust CSS\u000a - [sublime text 2](http://www.sublimetext.com/2): a good text editor\u000a  - [stylus syntax highlighter](https://gist.github.com/liamdon/2467603)\u000a  - [coffee-script syntax highlighter](https://gist.github.com/liamdon/2467603)\u000a - [vim](http://www.vim.org/): a fantastic text editor\u000a  - [stylus syntax highlighting](https://github.com/wavded/vim-stylus)\u000a  - [coffee-script syntax highlighting](https://github.com/kchmck/vim-coffee-script)\u000a\u000a## Packages\u000a\u000a### Types\u000a\u000a - **app**: An app is a dynamic section of code in the app\u000a - **theme**: A theme allows for full customization over the style of a site as well as the header and footer elements\u000a - **library**: A library is any js/css you want\u000a\u000a### Configuration\u000a```\u000a{\u000a  author: 'Your Name'\u000a  category: 'app'\u000a  changelog:\u000a    'major.minor.patch': ‘initial commit'\u000a  contact: ‘me@domain.com'\u000a  description: 'description of this package'\u000a  id: 'namespace-name'\u000a  name: 'readable name’\u000a  pages:\u000a    type1: {DATA_MODEL_SCHEMA}\u000a    type2: {DATA_MODEL_SCHEMA}\u000a  settings: {DATA_MODEL_SCHEMA}\u000a  tags: [\u000a    ‘tag1’\u000a    ‘tag2’\u000a  ]\u000a  type: 'app'\u000a  version: 'major.minor.patch'\u000a}\u000a\u000aFull Verbose Schema Example\u000a  settings:\u000a    str: {type: ‘string’}\u000a    str_enum: {type: ‘string’, enum: [‘foo’, ‘bar’]}\u000a    str_long: {type: ‘string’, editor: ‘textarea’}\u000a    bool: {type: ‘boolean’}\u000a    int: {type: ‘integer’}\u000a    arr: {\u000a      type: ‘array’\u000a      legend: ‘foo’\u000a      items:\u000a        foo: {type: ‘string’}\u000a        bar: {type: ‘string’}\u000a    }\u000a    obj: {\u000a      type: ‘object’\u000a      properties:\u000a        foo: {type: ‘string’}\u000a        bar: {type: ‘string’}\u000a    }\u000a\u000a3 Rules to simplify your syntax\u000a 1. if typeof value is a string, then that string is the type of that property.\u000a 2. if typeof value is an object, then that object is assumed to be type == ‘object’\u000a 3. if typeof value is an array, then that object is assumed to be type == ‘array’\u000a\u000aLet’s now look at the above example in our simplified syntax\u000a  settings:\u000a    str: ‘string’\u000a    str_enum: {type: ‘string’, enum: [‘foo’, ‘bar’]}\u000a    str_long: {type: ‘string’, editor: ‘textarea’}\u000a    bool: ‘boolean’\u000a    int: ‘integer’\u000a    arr: [\u000a      foo: {type: ‘string’, legend: true}\u000a      bar: ‘string’\u000a    ]\u000a    obj: {\u000a      foo: {type: ‘string’}\u000a      bar: {type: ‘string’}\u000a    }\u000a```\u000a\u000a### Versioning\u000aLessThan3 packages should be versioned as \"major.minor.patch\". Dependencies right\u000anow must define an exact version, but we'll moved towards the npm model in the\u000afuture and it's good practice.\u000a\u000aHere's a brief explaination from Nodejitsu about why to version your node\u000amodules (or in our case, lessthan3 packages) this way.\u000a\u000a - http://blog.nodejitsu.com/package-dependencies-done-right#best-practices\u000a\u000a```\u000aWhen specifying modules dependencies: use 1.0.x syntax\u000a\u000aUntil recently, I was guilty of not following this guideline: I continued to use\u000athe >= 0.2.0 syntax illustrated above in the naive.package.json example. At \u000afirst glance there doesn't seem to be anything wrong with that style. You're \u000asaying \"If there are changes in the future I want them.\"\u000a\u000aThe problem arises because authors are conveying meaning in their versions. Not\u000aevery version will be completely backwards compatible with the particular\u000aversion you were using when you wrote your application. This is conveyed in the\u000aversion string:\u000a\u000ae.g.: 0.3.18\u000aMajor Version (0)\u000aMinor Version (3)\u000aPatch Version (18)\u000a\u000aChanges to the major and minor parts of the version mean that changes have\u000ahappened, although there is no convention to convey they are breaking. Changes\u000ato patch versions are used to express that a fix has been made and it\u000ais (usually) safe to upgrade.\u000a\u000aConversely, when using the 0.2.x syntax you're saying: \"If there are patch\u000achanges in the future I want them, but no minor or major versions.\" Given the\u000adescription of the meaning conveyed by each of the version components above\u000athis means you won't be tearing your hair out over breaking changes in a\u000amodule you depend on.\u000a```\u000a\u000a### Routes\u000a```\u000a# get package details\u000ahttp://localhost:3001/pkg/bryant-cool-app/0.1.1/package.json\u000a\u000a# get package javascript\u000ahttp://localhost:3001/pkg/bryant-cool-app/0.1.1/main.js\u000a\u000a# get package stylesheet\u000ahttp://localhost:3001/pkg/bryant-cool-app/0.1.1/style.css\u000a\u000a# get public/static file\u000ahttp://localhost:3001/pkg/bryant-cool-app/0.1.1/public/test.txt\u000a\u000a# make api call\u000ahttp://localhost:3001/pkg/bryant-cool-app/0.1.1/api/foo\u000a```\u000a\u000a### API\u000a```\u000amodule.exports =\u000a  foo: ->\u000a    # this will cache /pkg/bryant-cool-app/0.1.1/api/foo\u000a    @cache {age: '10 minutes'}, (next) =>\u000a      next 'bar'\u000a\u000a  hello: ->\u000a    @res.send 'world'\u000a\u000a  ping: ->\u000a    # this will cache /pkg/bryant-cool-app/0.1.1/api/ping?hello=world\u000a    @cache {age: '10 minutes', qs: true}, (next) =>\u000a      next 'ack'\u000a```\u000a\u000a#### Call Context\u000a```\u000a{\u000a  cache: (options, next) ->\u000a    # options.age can be '10 minutes' or 600\u000a    # options.qs can be true|false to include the query params in the cache key\u000a    # passing data to \"next\" will cache and return the data\u000a  query: req.query\u000a  req: req\u000a  res: res\u000a}\u000a```\u000a\u000a### Examples\u000a\u000a#### Links\u000a  \u000a  - libraries\u000a    - [jQuery](https://github.com/lessthan3/lessthan3/tree/master/examples/dev-server/pkg/jquery/1.8.3)\u000a    - [jQuery-timeago](https://github.com/lessthan3/lessthan3/tree/master/examples/dev-server/pkg/jquery-timeago/1.1.0)\u000a    - [soundmanager](https://github.com/lessthan3/lessthan3/tree/master/examples/dev-server/pkg/soundmanager/2.97a)\u000a    - [big-youtube](https://github.com/lessthan3/lessthan3/tree/master/examples/dev-server/pkg/big-youtube/1.0.1)\u000a  - apps\u000a    - [lt3-image-app](https://github.com/lessthan3/lessthan3/tree/master/examples/dev-server/pkg/lt3-image-app/0.1.2)\u000a    - [lt3-survey-monkey](https://github.com/lessthan3/lessthan3/tree/master/examples/dev-server/pkg/lt3-survey-monkey/0.1.0)\u000a    - [lt3-beatport-app](https://github.com/lessthan3/lessthan3/tree/master/examples/dev-server/pkg/lt3-beatport-app/0.1.6)\u000a  - themes\u000a    - Coming Soon!\u000a\u000a#### App\u000a\u000aapp.coffee\u000a```\u000aclass exports.App extends lt3.App\u000a\u000a  load: (next) ->\u000a    next()\u000a\u000a  template: ->\u000a    div class: 'pages'\u000a```\u000a\u000aconfig.cson\u000a```\u000a{\u000a  author: 'Bryant Williams'\u000a  changelog:\u000a    '0.1.1': 'test app'\u000a  contact: 'bryant@lessthan3.com'\u000a  description: 'My First App'\u000a  id: 'bryant-cool-app'\u000a  pages:\u000a    index:\u000a      title: 'string'\u000a    monkey:\u000a      kind: 'string'\u000a      name: 'string'\u000a      description: 'string'\u000a      image: 'string'\u000a  name: 'My First App'\u000a  type: 'app'\u000a  version: '0.1.1'\u000a}\u000a```\u000a\u000astyle.styl\u000a```\u000a.exports\u000a  .some-div\u000a    padding 36px 50px\u000a```\u000a\u000apages/monkey.coffee\u000a```\u000aclass exports.Page extends lt3.Page\u000a\u000a  # events\u000a  #\u000a  # You can specify event handlers here\u000a  # 'event-type selector': 'event-handler'\u000a  events:\u000a    'click .title': 'onTitleClick'\u000a\u000a  onTitleClick: (e) ->\u000a    el = $(e.currentTarget)\u000a    console.log el.text()\u000a\u000a  # to specify events outside of this page\u000a  # ex: window resize or scroll\u000a  delegateEvents: ->\u000a    super()\u000a    $(window).bind 'resize', @onWindowResize\u000a\u000a  undelegateEvents: ->\u000a    super()\u000a    $(window).unbind 'resize', @onWindowResize\u000a\u000a  # load\u000a  #\u000a  # load may be called prior to rendering if more data is needed.\u000a  # by default, you will be provided with the data as specified in\u000a  # config.cson, but sometimes you need to query an external api for\u000a  # extra data before rendering the page\u000a  #\u000a  # store any extra data in the @_ variable. This variable becomes the\u000a  # context the template function is applied to\u000a  load: (next) ->\u000a    @$el.html 'loading...'\u000a    $.ajax {\u000a      url: 'http://domain.com/api/get/ice-cream'\u000a      success: (data) =>\u000a        @_.extra = data\u000a        next()\u000a    }\u000a\u000a\u000a  # render\u000a  #\u000a  # the parent method (super) will render the current data\u000a  # into your template. by override render, we can run javascript\u000a  # after the template has been rendered\u000a  render: ->\u000a    super()\u000a    @$el.find('content').css {\u000a      color: '#000'\u000a    }\u000a\u000a  # template\u000a  #\u000a  # here you can define the html template for this page\u000a  # Page data can be accessed through @\u000a  template: ->\u000a    h2 class: 'title', ->\u000a      @title\u000a\u000a    div class: 'image', ->\u000a      img src: @image\u000a\u000a    div class: 'content', ->\u000a      @content\u000a```\u000a\u000a#### Theme\u000aconfig.cson\u000a```\u000a```\u000a\u000astyle.styl\u000a```\u000a```\u000a\u000a\u000a## Development Server\u000a\u000a### Overview\u000aDevelopment on the LessThan3 Platform is ran on live sites. By running a local\u000aserver, your browser client can redirect loading code from your local server\u000ainstead of production.  This allows you to run your code in an isolated sandbox\u000aor on production data.\u000a\u000aUpdating data is pushed live automatically for headers, footers, and pages.\u000aApps can also choose to define their own real-time data update logic instead\u000aof the default though.\u000a\u000aWhen running the development server, you get the benefit on hot code-pushes as\u000awell to speed up your efficiency while updating templates and stylesheets.\u000a\u000aBecause the LessThan3 package routes are just express middleware, you have the\u000aability to add any other custom functionality to your server that you want.\u000a\u000a### How It Works\u000aWhen you login to a site on the LessThan3 platform, it will check whether you\u000aare a developer or not.  If you are a developer, it checks if you have a local\u000adevelopment server running.  If you do, it will connect your browser client to\u000ayour development server, load code locally instead of from production, and\u000arefresh your applications as code is updated.\u000a\u000a### Example Server\u000a```\u000a# dependencies\u000aexpress = require 'express'\u000alessthan3 = require '../../lib/server' # require 'lessthan3'\u000apkg = require './package'\u000a\u000a# configuration\u000aapp = express()\u000aapp.use express.logger()\u000aapp.use express.bodyParser()\u000aapp.use express.methodOverride()\u000aapp.use express.cookieParser()\u000aapp.use lessthan3 {\u000a  pkg_dir: \"#{__dirname}/pkg\"\u000a}\u000aapp.use app.router\u000aapp.use express.errorHandler {dumpExceptions: true, showStack: true}\u000a\u000a# listen\u000aapp.listen pkg.config.port\u000aconsole.log \"listening: #{pkg.config.port}\"\u000a```\u000a\u000a## LessThan3 Package Manager\u000a\u000a### Initialize Your Development Environment\u000a - lpm init\u000a\u000a### Manage your development server\u000a - lpm dev start\u000a - lpm dev stop\u000a\u000a### Manage your packages\u000a - lpm pkg create my-package 0.1.0\u000a - lpm pkg deploy remote my-package 0.1.0\u000a - lpm pkg submit my-package 0.1.0\u000a\u000a### Manage your production server\u000a - lpm prod init\u000a - lpm prod start\u000a - lpm prod stop\u000a\u000a - create a new devepackage server\u000a - create a new package\u000a - deploy a package\u000a\u000a## Deployment\u000aThere are a couple ways to get your packages out in the wild. Packages\u000acan be hosted on the LessThan3 servers, can be hosted on your personal\u000aserver, or can be hosted on a CDN.\u000a\u000aPackages hosted on the LessThan3 servers must be submitted for approval\u000abefore being accepted. Personally hosted packages can be deployed at anytime\u000awithout review.\u000a\u000a### Deployment to LessThan3\u000aPackages hosted on LessThan3 can be submitted with\u000a```lpm pkg submit my-package 0.1.0```\u000a\u000aYou can check the status of your application with\u000a```lpm pkg status my-package 0.1.0```\u000a\u000aOr check the status of all of your submitted packages with\u000a```lpm pkg status```\u000a\u000aPackages submitted and approved, can be made available to anyone on the network.\u000a\u000a### Deployment to a Personal Server\u000aPackages can be deployed to your own node server.\u000a\u000aFirst, set up your production lt3 server.\u000a```lpm prod init```\u000a\u000aThen run it.\u000a```lpm prod start```\u000a\u000aMake sure it's running\u000a```lpm prod status```\u000a\u000aDefine your remote (where the server lives) in your server config.cson.\u000aYour deployment can be done with ssh, ftp\u000a```\u000a{\u000a  remote:\u000a    prod:\u000a      method: 'ssh'\u000a      host: 'mydomain.com'\u000a      port: '22'\u000a      path: '/u/apps/my-lt3-package-server'\u000a    prod2:\u000a      method: 'ftp'\u000a      host: 'ftp.mydomain.com'\u000a      port: '21'\u000a      path: '/u/apps/my-lt3-package-server'\u000a}\u000a```\u000a\u000aDeploy your package\u000a```lpm pkg deploy prod my-package 0.1.0```\u000a\u000a### Deployment to a CDN\u000aA CDN can only host files, so by deploying to a CDN, your app\u000awill not be able to take advantage of custom API calls. This is fine\u000afor 90% of packages because you still get real-time updates on data\u000aentered through the admin interface, and can query public APIs.\u000a\u000aDefine your remote\u000a```\u000a{\u000a  remote:\u000a    rackspace:\u000a      method: 'rackspace-cloudfiles'\u000a      username: ''\u000a      key: ''\u000a    amazon:\u000a      method: 'amazon-s3'\u000a      key: ''\u000a      secret: ''\u000a    custom:\u000a      build: true\u000a      method: 'ftp'\u000a      host: 'ftp.mydomain.com'\u000a      port: '21'\u000a      path: '/u/apps/my-lt3-package-server'\u000a}\u000a```\u000a\u000aNote that you can also host your (non-api) packages on a server without node\u000aand deploy with ftp by providing the build parameter.  Build will compile\u000athe config, javascript, and stylesheet assets for your package and upload those\u000adirectly, along with any public files. The \"build\" parameter is automatically\u000aincluded if the method is \"amazon-s3\" or \"rackspace-cloudfiles\".\u000a\u000a\u000a\u000a## Other Topics\u000a\u000a### Coding Style Guide\u000a\u000a - coffee-script (https://github.com/polarmobile/coffeescript-style-guide)\u000a - \u000a\u000a\u000a","readmeFilename":"README.md","_id":"lessthan3@0.6.7","dist":{"shasum":"9b92e397de9abc3b13ba51625ba4feb6951d216a","tarball":"http://registry.npmjs.org/lessthan3/-/lessthan3-0.6.7.tgz"},"_from":".","_npmVersion":"1.3.21","_npmUser":{"name":"scien","email":"b.n.williams@gmail.com"},"maintainers":[{"name":"scien","email":"b.n.williams@gmail.com"}]}: lessthan3
172 error     at RegClient.<anonymous> (/usr/local/Cellar/node/0.10.24/lib/node_modules/npm/node_modules/npm-registry-client/lib/request.js:275:14)
172 error     at Request.self.callback (/usr/local/Cellar/node/0.10.24/lib/node_modules/npm/node_modules/request/request.js:123:22)
172 error     at Request.EventEmitter.emit (events.js:98:17)
172 error     at Request.<anonymous> (/usr/local/Cellar/node/0.10.24/lib/node_modules/npm/node_modules/request/request.js:893:14)
172 error     at Request.EventEmitter.emit (events.js:117:20)
172 error     at IncomingMessage.<anonymous> (/usr/local/Cellar/node/0.10.24/lib/node_modules/npm/node_modules/request/request.js:844:12)
172 error     at IncomingMessage.EventEmitter.emit (events.js:117:20)
172 error     at _stream_readable.js:920:16
172 error     at process._tickCallback (node.js:415:13)
173 error If you need help, you may report this *entire* log,
173 error including the npm and node versions, at:
173 error     <http://github.com/isaacs/npm/issues>
174 error System Darwin 13.1.0
175 error command "/usr/local/Cellar/node/0.10.24/bin/node" "/usr/local/bin/npm" "publish"
176 error cwd /Users/bryant/dev/lessthan3/lessthan3
177 error node -v v0.10.24
178 error npm -v 1.3.21
179 verbose exit [ 1, true ]
